


ARM Macro Assembler    Page 1 


    1 00000000         ;/******************************************************
                       ***********************/
    2 00000000         ;/* STM32F10x.s: Startup file for ST STM32F10x device se
                       ries                  */
    3 00000000         ;/******************************************************
                       ***********************/
    4 00000000         ;/* <<< Use Configuration Wizard in Context Menu >>>    
                                             */
    5 00000000         ;/******************************************************
                       ***********************/
    6 00000000         ;/* This file is part of the uVision/ARM development too
                       ls.                   */
    7 00000000         ;/* Copyright (c) 2005-2007 Keil Software. All rights re
                       served.               */
    8 00000000         ;/* This software may only be used under the terms of a 
                       valid, current,       */
    9 00000000         ;/* end user licence from KEIL for a compatible version 
                       of KEIL software      */
   10 00000000         ;/* development tools. Nothing else gives you the right 
                       to use this software. */
   11 00000000         ;/******************************************************
                       ***********************/
   12 00000000         
   13 00000000         
   14 00000000         ;// <h> Stack Configuration
   15 00000000         ;//   <o> Stack Size (in Bytes) <0x0-0xFFFFFFFF:8>
   16 00000000         ;// </h>
   17 00000000         
   18 00000000 00000200 
                       Stack_Size
                               EQU              0x00000200
   19 00000000         
   20 00000000                 AREA             STACK, NOINIT, READWRITE, ALIGN
=3
   21 00000000         Stack_Mem
                               SPACE            Stack_Size
   22 00000200         __initial_sp
   23 00000200         
   24 00000200         
   25 00000200         ;// <h> Heap Configuration
   26 00000200         ;//   <o>  Heap Size (in Bytes) <0x0-0xFFFFFFFF:8>
   27 00000200         ;// </h>
   28 00000200         
   29 00000200 00000000 
                       Heap_Size
                               EQU              0x00000000
   30 00000200         
   31 00000200                 AREA             HEAP, NOINIT, READWRITE, ALIGN=
3
   32 00000000         __heap_base
   33 00000000         Heap_Mem
                               SPACE            Heap_Size
   34 00000000         __heap_limit
   35 00000000         
   36 00000000                 IMPORT           xPortPendSVHandler
   37 00000000                 IMPORT           xPortSysTickHandler
   38 00000000                 IMPORT           vPortSVCHandler
   39 00000000         ;IMPORT vUARTInterruptHandler
   40 00000000         ;IMPORT vTimer2IntHandler



ARM Macro Assembler    Page 2 


   41 00000000         
   42 00000000                 PRESERVE8
   43 00000000                 THUMB
   44 00000000         
   45 00000000         
   46 00000000         ; Vector Table Mapped to Address 0 at Reset
   47 00000000         
   48 00000000                 AREA             RESET, DATA, READONLY
   49 00000000                 EXPORT           __Vectors
   50 00000000         
   51 00000000 00000000 
                       __Vectors
                               DCD              __initial_sp ; Top of Stack
   52 00000004 00000000        DCD              Reset_Handler ; Reset Handler
   53 00000008 00000000        DCD              NMI_Handler ; NMI Handler
   54 0000000C 00000000        DCD              HardFault_Handler ; Hard Fault 
                                                            Handler
   55 00000010 00000000        DCD              MemManage_Handler 
                                                            ; MPU Fault Handler
                                                            
   56 00000014 00000000        DCD              BusFault_Handler 
                                                            ; Bus Fault Handler
                                                            
   57 00000018 00000000        DCD              UsageFault_Handler ; Usage Faul
                                                            t Handler
   58 0000001C 00000000        DCD              0           ; Reserved
   59 00000020 00000000        DCD              0           ; Reserved
   60 00000024 00000000        DCD              0           ; Reserved
   61 00000028 00000000        DCD              0           ; Reserved
   62 0000002C 00000000        DCD              vPortSVCHandler 
                                                            ; SVCall Handler
   63 00000030 00000000        DCD              DebugMon_Handler ; Debug Monito
                                                            r Handler
   64 00000034 00000000        DCD              0           ; Reserved
   65 00000038 00000000        DCD              xPortPendSVHandler 
                                                            ; PendSV Handler
   66 0000003C 00000000        DCD              xPortSysTickHandler 
                                                            ; SysTick Handler
   67 00000040         
   68 00000040         ; External Interrupts
   69 00000040 00000000        DCD              WWDG_IRQHandler 
                                                            ; Window Watchdog
   70 00000044 00000000        DCD              PVD_IRQHandler ; PVD through EX
                                                            TI Line detect
   71 00000048 00000000        DCD              TAMPER_IRQHandler ; Tamper
   72 0000004C 00000000        DCD              RTC_IRQHandler ; RTC
   73 00000050 00000000        DCD              FLASH_IRQHandler ; Flash
   74 00000054 00000000        DCD              RCC_IRQHandler ; RCC
   75 00000058 00000000        DCD              EXTI0_IRQHandler ; EXTI Line 0
   76 0000005C 00000000        DCD              EXTI1_IRQHandler ; EXTI Line 1
   77 00000060 00000000        DCD              EXTI2_IRQHandler ; EXTI Line 2
   78 00000064 00000000        DCD              EXTI3_IRQHandler ; EXTI Line 3
   79 00000068 00000000        DCD              EXTI4_IRQHandler ; EXTI Line 4
   80 0000006C 00000000        DCD              DMAChannel1_IRQHandler 
                                                            ; DMA Channel 1
   81 00000070 00000000        DCD              DMAChannel2_IRQHandler 
                                                            ; DMA Channel 2
   82 00000074 00000000        DCD              DMAChannel3_IRQHandler 
                                                            ; DMA Channel 3



ARM Macro Assembler    Page 3 


   83 00000078 00000000        DCD              DMAChannel4_IRQHandler 
                                                            ; DMA Channel 4
   84 0000007C 00000000        DCD              DMAChannel5_IRQHandler 
                                                            ; DMA Channel 5
   85 00000080 00000000        DCD              DMAChannel6_IRQHandler 
                                                            ; DMA Channel 6
   86 00000084 00000000        DCD              DMAChannel7_IRQHandler 
                                                            ; DMA Channel 7
   87 00000088 00000000        DCD              ADC_IRQHandler ; ADC
   88 0000008C 00000000        DCD              USB_HP_CAN_TX_IRQHandler ; USB 
                                                            High Priority or CA
                                                            N TX
   89 00000090 00000000        DCD              USB_LP_CAN_RX0_IRQHandler ; USB
                                                             Low  Priority or C
                                                            AN RX0
   90 00000094 00000000        DCD              CAN_RX1_IRQHandler ; CAN RX1
   91 00000098 00000000        DCD              CAN_SCE_IRQHandler ; CAN SCE
   92 0000009C 00000000        DCD              EXTI9_5_IRQHandler 
                                                            ; EXTI Line 9..5
   93 000000A0 00000000        DCD              TIM1_BRK_IRQHandler 
                                                            ; TIM1 Break
   94 000000A4 00000000        DCD              TIM1_UP_IRQHandler 
                                                            ; TIM1 Update
   95 000000A8 00000000        DCD              TIM1_TRG_COM_IRQHandler ; TIM1 
                                                            Trigger and Commuta
                                                            tion
   96 000000AC 00000000        DCD              TIM1_CC_IRQHandler ; TIM1 Captu
                                                            re Compare
   97 000000B0                 DCD              vTimer2IntHandler ; TIM2
   98 000000B4 00000000        DCD              TIM3_IRQHandler ; TIM3
   99 000000B8 00000000        DCD              TIM4_IRQHandler ; TIM4
  100 000000BC 00000000        DCD              I2C1_EV_IRQHandler ; I2C1 Event
                                                            
  101 000000C0 00000000        DCD              I2C1_ER_IRQHandler ; I2C1 Error
                                                            
  102 000000C4 00000000        DCD              I2C2_EV_IRQHandler ; I2C2 Event
                                                            
  103 000000C8 00000000        DCD              I2C2_ER_IRQHandler ; I2C2 Error
                                                            
  104 000000CC 00000000        DCD              SPI1_IRQHandler ; SPI1
  105 000000D0 00000000        DCD              SPI2_IRQHandler ; SPI2
  106 000000D4                 DCD              vUARTInterruptHandler ; USART1
  107 000000D8 00000000        DCD              USART2_IRQHandler ; USART2
  108 000000DC 00000000        DCD              USART3_IRQHandler ; USART3
  109 000000E0 00000000        DCD              EXTI15_10_IRQHandler 
                                                            ; EXTI Line 15..10
  110 000000E4 00000000        DCD              RTCAlarm_IRQHandler ; RTC Alarm
                                                             through EXTI Line
  111 000000E8 00000000        DCD              USBWakeUp_IRQHandler ; USB Wake
                                                            up from suspend
  112 000000EC         
  113 000000EC         
  114 000000EC                 AREA             |.text|, CODE, READONLY
  115 00000000         
  116 00000000         
  117 00000000         ; Reset Handler
  118 00000000         
  119 00000000         Reset_Handler
                               PROC



ARM Macro Assembler    Page 4 


  120 00000000                 EXPORT           Reset_Handler             [WEAK
]
  121 00000000                 IMPORT           __main
  122 00000000 4808            LDR              R0, =__main
  123 00000002 4700            BX               R0
  124 00000004                 ENDP
  125 00000004         
  126 00000004         
  127 00000004         ; Dummy Exception Handlers (infinite loops which can be 
                       modified)                
  128 00000004         
  129 00000004         NMI_Handler
                               PROC
  130 00000004                 EXPORT           NMI_Handler               [WEAK
]
  131 00000004 E7FE            B                .
  132 00000006                 ENDP
  134 00000006         HardFault_Handler
                               PROC
  135 00000006                 EXPORT           HardFault_Handler         [WEAK
]
  136 00000006 E7FE            B                .
  137 00000008                 ENDP
  139 00000008         MemManage_Handler
                               PROC
  140 00000008                 EXPORT           MemManage_Handler         [WEAK
]
  141 00000008 E7FE            B                .
  142 0000000A                 ENDP
  144 0000000A         BusFault_Handler
                               PROC
  145 0000000A                 EXPORT           BusFault_Handler          [WEAK
]
  146 0000000A E7FE            B                .
  147 0000000C                 ENDP
  149 0000000C         UsageFault_Handler
                               PROC
  150 0000000C                 EXPORT           UsageFault_Handler        [WEAK
]
  151 0000000C E7FE            B                .
  152 0000000E                 ENDP
  153 0000000E         SVC_Handler
                               PROC
  154 0000000E                 EXPORT           SVC_Handler               [WEAK
]
  155 0000000E E7FE            B                .
  156 00000010                 ENDP
  158 00000010         DebugMon_Handler
                               PROC
  159 00000010                 EXPORT           DebugMon_Handler          [WEAK
]
  160 00000010 E7FE            B                .
  161 00000012                 ENDP
  162 00000012         PendSV_Handler
                               PROC
  163 00000012                 EXPORT           PendSV_Handler            [WEAK
]
  164 00000012 E7FE            B                .
  165 00000014                 ENDP



ARM Macro Assembler    Page 5 


  166 00000014         SysTick_Handler
                               PROC
  167 00000014                 EXPORT           SysTick_Handler           [WEAK
]
  168 00000014 E7FE            B                .
  169 00000016                 ENDP
  170 00000016         
  171 00000016         Default_Handler
                               PROC
  172 00000016         
  173 00000016                 EXPORT           WWDG_IRQHandler           [WEAK
]
  174 00000016                 EXPORT           PVD_IRQHandler            [WEAK
]
  175 00000016                 EXPORT           TAMPER_IRQHandler         [WEAK
]
  176 00000016                 EXPORT           RTC_IRQHandler            [WEAK
]
  177 00000016                 EXPORT           FLASH_IRQHandler          [WEAK
]
  178 00000016                 EXPORT           RCC_IRQHandler            [WEAK
]
  179 00000016                 EXPORT           EXTI0_IRQHandler          [WEAK
]
  180 00000016                 EXPORT           EXTI1_IRQHandler          [WEAK
]
  181 00000016                 EXPORT           EXTI2_IRQHandler          [WEAK
]
  182 00000016                 EXPORT           EXTI3_IRQHandler          [WEAK
]
  183 00000016                 EXPORT           EXTI4_IRQHandler          [WEAK
]
  184 00000016                 EXPORT           DMAChannel1_IRQHandler    [WEAK
]
  185 00000016                 EXPORT           DMAChannel2_IRQHandler    [WEAK
]
  186 00000016                 EXPORT           DMAChannel3_IRQHandler    [WEAK
]
  187 00000016                 EXPORT           DMAChannel4_IRQHandler    [WEAK
]
  188 00000016                 EXPORT           DMAChannel5_IRQHandler    [WEAK
]
  189 00000016                 EXPORT           DMAChannel6_IRQHandler    [WEAK
]
  190 00000016                 EXPORT           DMAChannel7_IRQHandler    [WEAK
]
  191 00000016                 EXPORT           ADC_IRQHandler            [WEAK
]
  192 00000016                 EXPORT           USB_HP_CAN_TX_IRQHandler  [WEAK
]
  193 00000016                 EXPORT           USB_LP_CAN_RX0_IRQHandler [WEAK
]
  194 00000016                 EXPORT           CAN_RX1_IRQHandler        [WEAK
]
  195 00000016                 EXPORT           CAN_SCE_IRQHandler        [WEAK
]
  196 00000016                 EXPORT           EXTI9_5_IRQHandler        [WEAK
]
  197 00000016                 EXPORT           TIM1_BRK_IRQHandler       [WEAK



ARM Macro Assembler    Page 6 


]
  198 00000016                 EXPORT           TIM1_UP_IRQHandler        [WEAK
]
  199 00000016                 EXPORT           TIM1_TRG_COM_IRQHandler   [WEAK
]
  200 00000016                 EXPORT           TIM1_CC_IRQHandler        [WEAK
]
  201 00000016                 EXPORT           TIM2_IRQHandler           [WEAK
]
  202 00000016                 EXPORT           TIM3_IRQHandler           [WEAK
]
  203 00000016                 EXPORT           TIM4_IRQHandler           [WEAK
]
  204 00000016                 EXPORT           I2C1_EV_IRQHandler        [WEAK
]
  205 00000016                 EXPORT           I2C1_ER_IRQHandler        [WEAK
]
  206 00000016                 EXPORT           I2C2_EV_IRQHandler        [WEAK
]
  207 00000016                 EXPORT           I2C2_ER_IRQHandler        [WEAK
]
  208 00000016                 EXPORT           SPI1_IRQHandler           [WEAK
]
  209 00000016                 EXPORT           SPI2_IRQHandler           [WEAK
]
  210 00000016                 EXPORT           USART1_IRQHandler         [WEAK
]
  211 00000016                 EXPORT           USART2_IRQHandler         [WEAK
]
  212 00000016                 EXPORT           USART3_IRQHandler         [WEAK
]
  213 00000016                 EXPORT           EXTI15_10_IRQHandler      [WEAK
]
  214 00000016                 EXPORT           RTCAlarm_IRQHandler       [WEAK
]
  215 00000016                 EXPORT           USBWakeUp_IRQHandler      [WEAK
]
  216 00000016         
  217 00000016         WWDG_IRQHandler
  218 00000016         PVD_IRQHandler
  219 00000016         TAMPER_IRQHandler
  220 00000016         RTC_IRQHandler
  221 00000016         FLASH_IRQHandler
  222 00000016         RCC_IRQHandler
  223 00000016         EXTI0_IRQHandler
  224 00000016         EXTI1_IRQHandler
  225 00000016         EXTI2_IRQHandler
  226 00000016         EXTI3_IRQHandler
  227 00000016         EXTI4_IRQHandler
  228 00000016         DMAChannel1_IRQHandler
  229 00000016         DMAChannel2_IRQHandler
  230 00000016         DMAChannel3_IRQHandler
  231 00000016         DMAChannel4_IRQHandler
  232 00000016         DMAChannel5_IRQHandler
  233 00000016         DMAChannel6_IRQHandler
  234 00000016         DMAChannel7_IRQHandler
  235 00000016         ADC_IRQHandler
  236 00000016         USB_HP_CAN_TX_IRQHandler
  237 00000016         USB_LP_CAN_RX0_IRQHandler



ARM Macro Assembler    Page 7 


  238 00000016         CAN_RX1_IRQHandler
  239 00000016         CAN_SCE_IRQHandler
  240 00000016         EXTI9_5_IRQHandler
  241 00000016         TIM1_BRK_IRQHandler
  242 00000016         TIM1_UP_IRQHandler
  243 00000016         TIM1_TRG_COM_IRQHandler
  244 00000016         TIM1_CC_IRQHandler
  245 00000016         TIM2_IRQHandler
  246 00000016         TIM3_IRQHandler
  247 00000016         TIM4_IRQHandler
  248 00000016         I2C1_EV_IRQHandler
  249 00000016         I2C1_ER_IRQHandler
  250 00000016         I2C2_EV_IRQHandler
  251 00000016         I2C2_ER_IRQHandler
  252 00000016         SPI1_IRQHandler
  253 00000016         SPI2_IRQHandler
  254 00000016         USART1_IRQHandler
  255 00000016         USART2_IRQHandler
  256 00000016         USART3_IRQHandler
  257 00000016         EXTI15_10_IRQHandler
  258 00000016         RTCAlarm_IRQHandler
  259 00000016         USBWakeUp_IRQHandler
  260 00000016         
  261 00000016 E7FE            B                .
  262 00000018         
  263 00000018                 ENDP
  264 00000018         
  265 00000018         
  266 00000018                 ALIGN
  267 00000018         
  268 00000018         
  269 00000018         ; User Initial Stack & Heap
  270 00000018         
  271 00000018                 IF               :DEF:__MICROLIB
  278 00000018         
  279 00000018                 IMPORT           __use_two_region_memory
  280 00000018                 EXPORT           __user_initial_stackheap
  281 00000018         __user_initial_stackheap
  282 00000018         
  283 00000018 4803            LDR              R0, =  Heap_Mem
  284 0000001A 4904            LDR              R1, =(Stack_Mem + Stack_Size)
  285 0000001C 4A02            LDR              R2, = (Heap_Mem +  Heap_Size)
  286 0000001E 4B04            LDR              R3, = Stack_Mem
  287 00000020 4770            BX               LR
  288 00000022         
  289 00000022 00 00           ALIGN
  290 00000024         
  291 00000024                 ENDIF
  292 00000024         
  293 00000024         
  294 00000024                 END
              00000000 
              00000000 
              00000200 
              00000000 
Command Line: --debug --xref --diag_suppress=9931 --cpu=Cortex-M3 --apcs=interw
ork --depend=.\objects\stm32f10x.d -o.\objects\stm32f10x.o -I.\RTE\_FreeRTOS -I
C:\Keil_v5\ARM\PACK\ARM\CMSIS\5.3.0\CMSIS\Include -IC:\Keil_v5\ARM\PACK\Keil\ST
M32F1xx_DFP\2.3.0\Device\Include --predefine="__UVISION_VERSION SETA 525" --pre



ARM Macro Assembler    Page 8 


define="_RTE_ SETA 1" --predefine="STM32F10X_MD SETA 1" --list=.\listings\stm32
f10x.lst ..\FreeRTOSv202104.00\FreeRTOS\Demo\CORTEX_STM32F103_Keil\STM32F10x.s
